<?xml version="1.0" encoding="UTF-8"?>
<!-- Generated by org.testng.reporters.JUnitReportReporter -->
<testsuite hostname="LAPTOP-4TE0GCSR" name="com.abacsys.testscripts.TestValidLogin" tests="1" failures="0" timestamp="17 May 2019 15:54:09 GMT" time="0.013" errors="0">
  <testcase name="testValidLogin" time="0.013" classname="com.abacsys.testscripts.TestValidLogin"/>
</testsuite> <!-- com.abacsys.testscripts.TestValidLogin -->
