<?xml version="1.0" encoding="UTF-8"?>
<!-- Generated by org.testng.reporters.JUnitReportReporter -->
<testsuite hostname="LAPTOP-4TE0GCSR" name="com.abacsys.testscripts.HomePageScript" tests="1" failures="0" timestamp="20 May 2019 10:53:17 GMT" time="94.232" errors="0">
  <testcase name="HomepageTest" time="94.232" classname="com.abacsys.testscripts.HomePageScript"/>
</testsuite> <!-- com.abacsys.testscripts.HomePageScript -->
