<?xml version="1.0" encoding="UTF-8"?>
<!-- Generated by org.testng.reporters.JUnitReportReporter -->
<testsuite hostname="LAPTOP-4TE0GCSR" name="com.abacsys.testscripts.TestPage" tests="1" failures="0" timestamp="20 May 2019 08:42:55 GMT" time="28.301" errors="0">
  <testcase name="LoginTest" time="28.301" classname="com.abacsys.testscripts.TestPage"/>
</testsuite> <!-- com.abacsys.testscripts.TestPage -->
